[2021-07-02 14:26:02] local.ERROR: Please provide a valid cache path. {"exception":"[object] (InvalidArgumentException(code: 0): Please provide a valid cache path. at C:\\Users\\lollo\\Desktop\\Esercizi_Boolean\\boolbnb-team5\\vendor\\laravel\\framework\\src\\Illuminate\\View\\Compilers\\Compiler.php:36)
[stacktrace]
#0 C:\\Users\\lollo\\Desktop\\Esercizi_Boolean\\boolbnb-team5\\vendor\\laravel\\framework\\src\\Illuminate\\View\\ViewServiceProvider.php(91): Illuminate\\View\\Compilers\\Compiler->__construct()
#1 C:\\Users\\lollo\\Desktop\\Esercizi_Boolean\\boolbnb-team5\\vendor\\laravel\\framework\\src\\Illuminate\\Container\\Container.php(805): Illuminate\\View\\ViewServiceProvider->Illuminate\\View\\{closure}()
#2 C:\\Users\\lollo\\Desktop\\Esercizi_Boolean\\boolbnb-team5\\vendor\\laravel\\framework\\src\\Illuminate\\Container\\Container.php(691): Illuminate\\Container\\Container->build()
#3 C:\\Users\\lollo\\Desktop\\Esercizi_Boolean\\boolbnb-team5\\vendor\\laravel\\framework\\src\\Illuminate\\Foundation\\Application.php(796): Illuminate\\Container\\Container->resolve()
#4 C:\\Users\\lollo\\Desktop\\Esercizi_Boolean\\boolbnb-team5\\vendor\\laravel\\framework\\src\\Illuminate\\Container\\Container.php(637): Illuminate\\Foundation\\Application->resolve()
#5 C:\\Users\\lollo\\Desktop\\Esercizi_Boolean\\boolbnb-team5\\vendor\\laravel\\framework\\src\\Illuminate\\Foundation\\Application.php(781): Illuminate\\Container\\Container->make()
#6 C:\\Users\\lollo\\Desktop\\Esercizi_Boolean\\boolbnb-team5\\vendor\\laravel\\framework\\src\\Illuminate\\Container\\Container.php(1284): Illuminate\\Foundation\\Application->make()
#7 C:\\Users\\lollo\\Desktop\\Esercizi_Boolean\\boolbnb-team5\\vendor\\laravel\\framework\\src\\Illuminate\\View\\ViewServiceProvider.php(151): Illuminate\\Container\\Container->offsetGet()
#8 [internal function]: Illuminate\\View\\ViewServiceProvider->Illuminate\\View\\{closure}()
#9 C:\\Users\\lollo\\Desktop\\Esercizi_Boolean\\boolbnb-team5\\vendor\\laravel\\framework\\src\\Illuminate\\View\\Engines\\EngineResolver.php(55): call_user_func()
#10 C:\\Users\\lollo\\Desktop\\Esercizi_Boolean\\boolbnb-team5\\vendor\\facade\\ignition\\src\\IgnitionServiceProvider.php(427): Illuminate\\View\\Engines\\EngineResolver->resolve()
#11 C:\\Users\\lollo\\Desktop\\Esercizi_Boolean\\boolbnb-team5\\vendor\\facade\\ignition\\src\\IgnitionServiceProvider.php(149): Facade\\Ignition\\IgnitionServiceProvider->hasCustomViewEnginesRegistered()
#12 C:\\Users\\lollo\\Desktop\\Esercizi_Boolean\\boolbnb-team5\\vendor\\facade\\ignition\\src\\IgnitionServiceProvider.php(93): Facade\\Ignition\\IgnitionServiceProvider->registerViewEngines()
#13 C:\\Users\\lollo\\Desktop\\Esercizi_Boolean\\boolbnb-team5\\vendor\\laravel\\framework\\src\\Illuminate\\Container\\BoundMethod.php(36): Facade\\Ignition\\IgnitionServiceProvider->boot()
#14 C:\\Users\\lollo\\Desktop\\Esercizi_Boolean\\boolbnb-team5\\vendor\\laravel\\framework\\src\\Illuminate\\Container\\Util.php(37): Illuminate\\Container\\BoundMethod::Illuminate\\Container\\{closure}()
#15 C:\\Users\\lollo\\Desktop\\Esercizi_Boolean\\boolbnb-team5\\vendor\\laravel\\framework\\src\\Illuminate\\Container\\BoundMethod.php(93): Illuminate\\Container\\Util::unwrapIfClosure()
#16 C:\\Users\\lollo\\Desktop\\Esercizi_Boolean\\boolbnb-team5\\vendor\\laravel\\framework\\src\\Illuminate\\Container\\BoundMethod.php(37): Illuminate\\Container\\BoundMethod::callBoundMethod()
#17 C:\\Users\\lollo\\Desktop\\Esercizi_Boolean\\boolbnb-team5\\vendor\\laravel\\framework\\src\\Illuminate\\Container\\Container.php(596): Illuminate\\Container\\BoundMethod::call()
#18 C:\\Users\\lollo\\Desktop\\Esercizi_Boolean\\boolbnb-team5\\vendor\\laravel\\framework\\src\\Illuminate\\Foundation\\Application.php(867): Illuminate\\Container\\Container->call()
#19 C:\\Users\\lollo\\Desktop\\Esercizi_Boolean\\boolbnb-team5\\vendor\\laravel\\framework\\src\\Illuminate\\Foundation\\Application.php(850): Illuminate\\Foundation\\Application->bootProvider()
#20 [internal function]: Illuminate\\Foundation\\Application->Illuminate\\Foundation\\{closure}()
#21 C:\\Users\\lollo\\Desktop\\Esercizi_Boolean\\boolbnb-team5\\vendor\\laravel\\framework\\src\\Illuminate\\Foundation\\Application.php(851): array_walk()
#22 C:\\Users\\lollo\\Desktop\\Esercizi_Boolean\\boolbnb-team5\\vendor\\laravel\\framework\\src\\Illuminate\\Foundation\\Bootstrap\\BootProviders.php(17): Illuminate\\Foundation\\Application->boot()
#23 C:\\Users\\lollo\\Desktop\\Esercizi_Boolean\\boolbnb-team5\\vendor\\laravel\\framework\\src\\Illuminate\\Foundation\\Application.php(230): Illuminate\\Foundation\\Bootstrap\\BootProviders->bootstrap()
#24 C:\\Users\\lollo\\Desktop\\Esercizi_Boolean\\boolbnb-team5\\vendor\\laravel\\framework\\src\\Illuminate\\Foundation\\Http\\Kernel.php(151): Illuminate\\Foundation\\Application->bootstrapWith()
#25 C:\\Users\\lollo\\Desktop\\Esercizi_Boolean\\boolbnb-team5\\vendor\\laravel\\framework\\src\\Illuminate\\Foundation\\Http\\Kernel.php(135): Illuminate\\Foundation\\Http\\Kernel->bootstrap()
#26 C:\\Users\\lollo\\Desktop\\Esercizi_Boolean\\boolbnb-team5\\vendor\\laravel\\framework\\src\\Illuminate\\Foundation\\Http\\Kernel.php(109): Illuminate\\Foundation\\Http\\Kernel->sendRequestThroughRouter()
#27 C:\\Users\\lollo\\Desktop\\Esercizi_Boolean\\boolbnb-team5\\public\\index.php(55): Illuminate\\Foundation\\Http\\Kernel->handle()
#28 C:\\Users\\lollo\\Desktop\\Esercizi_Boolean\\boolbnb-team5\\server.php(21): require_once('C:\\\\Users\\\\lollo\\\\...')
#29 {main}
"} 
[2021-07-02 14:29:24] local.ERROR: Please provide a valid cache path. {"exception":"[object] (InvalidArgumentException(code: 0): Please provide a valid cache path. at C:\\Users\\lollo\\Desktop\\Esercizi_Boolean\\boolbnb-team5\\vendor\\laravel\\framework\\src\\Illuminate\\View\\Compilers\\Compiler.php:36)
[stacktrace]
#0 C:\\Users\\lollo\\Desktop\\Esercizi_Boolean\\boolbnb-team5\\vendor\\laravel\\framework\\src\\Illuminate\\View\\ViewServiceProvider.php(91): Illuminate\\View\\Compilers\\Compiler->__construct()
#1 C:\\Users\\lollo\\Desktop\\Esercizi_Boolean\\boolbnb-team5\\vendor\\laravel\\framework\\src\\Illuminate\\Container\\Container.php(805): Illuminate\\View\\ViewServiceProvider->Illuminate\\View\\{closure}()
#2 C:\\Users\\lollo\\Desktop\\Esercizi_Boolean\\boolbnb-team5\\vendor\\laravel\\framework\\src\\Illuminate\\Container\\Container.php(691): Illuminate\\Container\\Container->build()
#3 C:\\Users\\lollo\\Desktop\\Esercizi_Boolean\\boolbnb-team5\\vendor\\laravel\\framework\\src\\Illuminate\\Foundation\\Application.php(796): Illuminate\\Container\\Container->resolve()
#4 C:\\Users\\lollo\\Desktop\\Esercizi_Boolean\\boolbnb-team5\\vendor\\laravel\\framework\\src\\Illuminate\\Container\\Container.php(637): Illuminate\\Foundation\\Application->resolve()
#5 C:\\Users\\lollo\\Desktop\\Esercizi_Boolean\\boolbnb-team5\\vendor\\laravel\\framework\\src\\Illuminate\\Foundation\\Application.php(781): Illuminate\\Container\\Container->make()
#6 C:\\Users\\lollo\\Desktop\\Esercizi_Boolean\\boolbnb-team5\\vendor\\laravel\\framework\\src\\Illuminate\\Container\\Container.php(1284): Illuminate\\Foundation\\Application->make()
#7 C:\\Users\\lollo\\Desktop\\Esercizi_Boolean\\boolbnb-team5\\vendor\\laravel\\framework\\src\\Illuminate\\View\\ViewServiceProvider.php(151): Illuminate\\Container\\Container->offsetGet()
#8 [internal function]: Illuminate\\View\\ViewServiceProvider->Illuminate\\View\\{closure}()
#9 C:\\Users\\lollo\\Desktop\\Esercizi_Boolean\\boolbnb-team5\\vendor\\laravel\\framework\\src\\Illuminate\\View\\Engines\\EngineResolver.php(55): call_user_func()
#10 C:\\Users\\lollo\\Desktop\\Esercizi_Boolean\\boolbnb-team5\\vendor\\facade\\ignition\\src\\IgnitionServiceProvider.php(427): Illuminate\\View\\Engines\\EngineResolver->resolve()
#11 C:\\Users\\lollo\\Desktop\\Esercizi_Boolean\\boolbnb-team5\\vendor\\facade\\ignition\\src\\IgnitionServiceProvider.php(149): Facade\\Ignition\\IgnitionServiceProvider->hasCustomViewEnginesRegistered()
#12 C:\\Users\\lollo\\Desktop\\Esercizi_Boolean\\boolbnb-team5\\vendor\\facade\\ignition\\src\\IgnitionServiceProvider.php(93): Facade\\Ignition\\IgnitionServiceProvider->registerViewEngines()
#13 C:\\Users\\lollo\\Desktop\\Esercizi_Boolean\\boolbnb-team5\\vendor\\laravel\\framework\\src\\Illuminate\\Container\\BoundMethod.php(36): Facade\\Ignition\\IgnitionServiceProvider->boot()
#14 C:\\Users\\lollo\\Desktop\\Esercizi_Boolean\\boolbnb-team5\\vendor\\laravel\\framework\\src\\Illuminate\\Container\\Util.php(37): Illuminate\\Container\\BoundMethod::Illuminate\\Container\\{closure}()
#15 C:\\Users\\lollo\\Desktop\\Esercizi_Boolean\\boolbnb-team5\\vendor\\laravel\\framework\\src\\Illuminate\\Container\\BoundMethod.php(93): Illuminate\\Container\\Util::unwrapIfClosure()
#16 C:\\Users\\lollo\\Desktop\\Esercizi_Boolean\\boolbnb-team5\\vendor\\laravel\\framework\\src\\Illuminate\\Container\\BoundMethod.php(37): Illuminate\\Container\\BoundMethod::callBoundMethod()
#17 C:\\Users\\lollo\\Desktop\\Esercizi_Boolean\\boolbnb-team5\\vendor\\laravel\\framework\\src\\Illuminate\\Container\\Container.php(596): Illuminate\\Container\\BoundMethod::call()
#18 C:\\Users\\lollo\\Desktop\\Esercizi_Boolean\\boolbnb-team5\\vendor\\laravel\\framework\\src\\Illuminate\\Foundation\\Application.php(867): Illuminate\\Container\\Container->call()
#19 C:\\Users\\lollo\\Desktop\\Esercizi_Boolean\\boolbnb-team5\\vendor\\laravel\\framework\\src\\Illuminate\\Foundation\\Application.php(850): Illuminate\\Foundation\\Application->bootProvider()
#20 [internal function]: Illuminate\\Foundation\\Application->Illuminate\\Foundation\\{closure}()
#21 C:\\Users\\lollo\\Desktop\\Esercizi_Boolean\\boolbnb-team5\\vendor\\laravel\\framework\\src\\Illuminate\\Foundation\\Application.php(851): array_walk()
#22 C:\\Users\\lollo\\Desktop\\Esercizi_Boolean\\boolbnb-team5\\vendor\\laravel\\framework\\src\\Illuminate\\Foundation\\Bootstrap\\BootProviders.php(17): Illuminate\\Foundation\\Application->boot()
#23 C:\\Users\\lollo\\Desktop\\Esercizi_Boolean\\boolbnb-team5\\vendor\\laravel\\framework\\src\\Illuminate\\Foundation\\Application.php(230): Illuminate\\Foundation\\Bootstrap\\BootProviders->bootstrap()
#24 C:\\Users\\lollo\\Desktop\\Esercizi_Boolean\\boolbnb-team5\\vendor\\laravel\\framework\\src\\Illuminate\\Foundation\\Console\\Kernel.php(310): Illuminate\\Foundation\\Application->bootstrapWith()
#25 C:\\Users\\lollo\\Desktop\\Esercizi_Boolean\\boolbnb-team5\\vendor\\laravel\\framework\\src\\Illuminate\\Foundation\\Console\\Kernel.php(127): Illuminate\\Foundation\\Console\\Kernel->bootstrap()
#26 C:\\Users\\lollo\\Desktop\\Esercizi_Boolean\\boolbnb-team5\\artisan(37): Illuminate\\Foundation\\Console\\Kernel->handle()
#27 {main}
"} 
[2021-07-02 14:31:02] local.ERROR: Please provide a valid cache path. {"exception":"[object] (InvalidArgumentException(code: 0): Please provide a valid cache path. at C:\\Users\\lollo\\Desktop\\Esercizi_Boolean\\boolbnb-team5\\vendor\\laravel\\framework\\src\\Illuminate\\View\\Compilers\\Compiler.php:36)
[stacktrace]
#0 C:\\Users\\lollo\\Desktop\\Esercizi_Boolean\\boolbnb-team5\\vendor\\laravel\\framework\\src\\Illuminate\\View\\ViewServiceProvider.php(91): Illuminate\\View\\Compilers\\Compiler->__construct()
#1 C:\\Users\\lollo\\Desktop\\Esercizi_Boolean\\boolbnb-team5\\vendor\\laravel\\framework\\src\\Illuminate\\Container\\Container.php(805): Illuminate\\View\\ViewServiceProvider->Illuminate\\View\\{closure}()
#2 C:\\Users\\lollo\\Desktop\\Esercizi_Boolean\\boolbnb-team5\\vendor\\laravel\\framework\\src\\Illuminate\\Container\\Container.php(691): Illuminate\\Container\\Container->build()
#3 C:\\Users\\lollo\\Desktop\\Esercizi_Boolean\\boolbnb-team5\\vendor\\laravel\\framework\\src\\Illuminate\\Foundation\\Application.php(796): Illuminate\\Container\\Container->resolve()
#4 C:\\Users\\lollo\\Desktop\\Esercizi_Boolean\\boolbnb-team5\\vendor\\laravel\\framework\\src\\Illuminate\\Container\\Container.php(637): Illuminate\\Foundation\\Application->resolve()
#5 C:\\Users\\lollo\\Desktop\\Esercizi_Boolean\\boolbnb-team5\\vendor\\laravel\\framework\\src\\Illuminate\\Foundation\\Application.php(781): Illuminate\\Container\\Container->make()
#6 C:\\Users\\lollo\\Desktop\\Esercizi_Boolean\\boolbnb-team5\\vendor\\laravel\\framework\\src\\Illuminate\\Container\\Container.php(1284): Illuminate\\Foundation\\Application->make()
#7 C:\\Users\\lollo\\Desktop\\Esercizi_Boolean\\boolbnb-team5\\vendor\\laravel\\framework\\src\\Illuminate\\View\\ViewServiceProvider.php(151): Illuminate\\Container\\Container->offsetGet()
#8 [internal function]: Illuminate\\View\\ViewServiceProvider->Illuminate\\View\\{closure}()
#9 C:\\Users\\lollo\\Desktop\\Esercizi_Boolean\\boolbnb-team5\\vendor\\laravel\\framework\\src\\Illuminate\\View\\Engines\\EngineResolver.php(55): call_user_func()
#10 C:\\Users\\lollo\\Desktop\\Esercizi_Boolean\\boolbnb-team5\\vendor\\facade\\ignition\\src\\IgnitionServiceProvider.php(427): Illuminate\\View\\Engines\\EngineResolver->resolve()
#11 C:\\Users\\lollo\\Desktop\\Esercizi_Boolean\\boolbnb-team5\\vendor\\facade\\ignition\\src\\IgnitionServiceProvider.php(149): Facade\\Ignition\\IgnitionServiceProvider->hasCustomViewEnginesRegistered()
#12 C:\\Users\\lollo\\Desktop\\Esercizi_Boolean\\boolbnb-team5\\vendor\\facade\\ignition\\src\\IgnitionServiceProvider.php(93): Facade\\Ignition\\IgnitionServiceProvider->registerViewEngines()
#13 C:\\Users\\lollo\\Desktop\\Esercizi_Boolean\\boolbnb-team5\\vendor\\laravel\\framework\\src\\Illuminate\\Container\\BoundMethod.php(36): Facade\\Ignition\\IgnitionServiceProvider->boot()
#14 C:\\Users\\lollo\\Desktop\\Esercizi_Boolean\\boolbnb-team5\\vendor\\laravel\\framework\\src\\Illuminate\\Container\\Util.php(37): Illuminate\\Container\\BoundMethod::Illuminate\\Container\\{closure}()
#15 C:\\Users\\lollo\\Desktop\\Esercizi_Boolean\\boolbnb-team5\\vendor\\laravel\\framework\\src\\Illuminate\\Container\\BoundMethod.php(93): Illuminate\\Container\\Util::unwrapIfClosure()
#16 C:\\Users\\lollo\\Desktop\\Esercizi_Boolean\\boolbnb-team5\\vendor\\laravel\\framework\\src\\Illuminate\\Container\\BoundMethod.php(37): Illuminate\\Container\\BoundMethod::callBoundMethod()
#17 C:\\Users\\lollo\\Desktop\\Esercizi_Boolean\\boolbnb-team5\\vendor\\laravel\\framework\\src\\Illuminate\\Container\\Container.php(596): Illuminate\\Container\\BoundMethod::call()
#18 C:\\Users\\lollo\\Desktop\\Esercizi_Boolean\\boolbnb-team5\\vendor\\laravel\\framework\\src\\Illuminate\\Foundation\\Application.php(867): Illuminate\\Container\\Container->call()
#19 C:\\Users\\lollo\\Desktop\\Esercizi_Boolean\\boolbnb-team5\\vendor\\laravel\\framework\\src\\Illuminate\\Foundation\\Application.php(850): Illuminate\\Foundation\\Application->bootProvider()
#20 [internal function]: Illuminate\\Foundation\\Application->Illuminate\\Foundation\\{closure}()
#21 C:\\Users\\lollo\\Desktop\\Esercizi_Boolean\\boolbnb-team5\\vendor\\laravel\\framework\\src\\Illuminate\\Foundation\\Application.php(851): array_walk()
#22 C:\\Users\\lollo\\Desktop\\Esercizi_Boolean\\boolbnb-team5\\vendor\\laravel\\framework\\src\\Illuminate\\Foundation\\Bootstrap\\BootProviders.php(17): Illuminate\\Foundation\\Application->boot()
#23 C:\\Users\\lollo\\Desktop\\Esercizi_Boolean\\boolbnb-team5\\vendor\\laravel\\framework\\src\\Illuminate\\Foundation\\Application.php(230): Illuminate\\Foundation\\Bootstrap\\BootProviders->bootstrap()
#24 C:\\Users\\lollo\\Desktop\\Esercizi_Boolean\\boolbnb-team5\\vendor\\laravel\\framework\\src\\Illuminate\\Foundation\\Console\\Kernel.php(310): Illuminate\\Foundation\\Application->bootstrapWith()
#25 C:\\Users\\lollo\\Desktop\\Esercizi_Boolean\\boolbnb-team5\\vendor\\laravel\\framework\\src\\Illuminate\\Foundation\\Console\\Kernel.php(127): Illuminate\\Foundation\\Console\\Kernel->bootstrap()
#26 C:\\Users\\lollo\\Desktop\\Esercizi_Boolean\\boolbnb-team5\\artisan(37): Illuminate\\Foundation\\Console\\Kernel->handle()
#27 {main}
"} 
[2021-07-02 14:31:30] local.ERROR: Please provide a valid cache path. {"exception":"[object] (InvalidArgumentException(code: 0): Please provide a valid cache path. at C:\\Users\\lollo\\Desktop\\Esercizi_Boolean\\boolbnb-team5\\vendor\\laravel\\framework\\src\\Illuminate\\View\\Compilers\\Compiler.php:36)
[stacktrace]
#0 C:\\Users\\lollo\\Desktop\\Esercizi_Boolean\\boolbnb-team5\\vendor\\laravel\\framework\\src\\Illuminate\\View\\ViewServiceProvider.php(91): Illuminate\\View\\Compilers\\Compiler->__construct()
#1 C:\\Users\\lollo\\Desktop\\Esercizi_Boolean\\boolbnb-team5\\vendor\\laravel\\framework\\src\\Illuminate\\Container\\Container.php(805): Illuminate\\View\\ViewServiceProvider->Illuminate\\View\\{closure}()
#2 C:\\Users\\lollo\\Desktop\\Esercizi_Boolean\\boolbnb-team5\\vendor\\laravel\\framework\\src\\Illuminate\\Container\\Container.php(691): Illuminate\\Container\\Container->build()
#3 C:\\Users\\lollo\\Desktop\\Esercizi_Boolean\\boolbnb-team5\\vendor\\laravel\\framework\\src\\Illuminate\\Foundation\\Application.php(796): Illuminate\\Container\\Container->resolve()
#4 C:\\Users\\lollo\\Desktop\\Esercizi_Boolean\\boolbnb-team5\\vendor\\laravel\\framework\\src\\Illuminate\\Container\\Container.php(637): Illuminate\\Foundation\\Application->resolve()
#5 C:\\Users\\lollo\\Desktop\\Esercizi_Boolean\\boolbnb-team5\\vendor\\laravel\\framework\\src\\Illuminate\\Foundation\\Application.php(781): Illuminate\\Container\\Container->make()
#6 C:\\Users\\lollo\\Desktop\\Esercizi_Boolean\\boolbnb-team5\\vendor\\laravel\\framework\\src\\Illuminate\\Container\\Container.php(1284): Illuminate\\Foundation\\Application->make()
#7 C:\\Users\\lollo\\Desktop\\Esercizi_Boolean\\boolbnb-team5\\vendor\\laravel\\framework\\src\\Illuminate\\View\\ViewServiceProvider.php(151): Illuminate\\Container\\Container->offsetGet()
#8 [internal function]: Illuminate\\View\\ViewServiceProvider->Illuminate\\View\\{closure}()
#9 C:\\Users\\lollo\\Desktop\\Esercizi_Boolean\\boolbnb-team5\\vendor\\laravel\\framework\\src\\Illuminate\\View\\Engines\\EngineResolver.php(55): call_user_func()
#10 C:\\Users\\lollo\\Desktop\\Esercizi_Boolean\\boolbnb-team5\\vendor\\facade\\ignition\\src\\IgnitionServiceProvider.php(427): Illuminate\\View\\Engines\\EngineResolver->resolve()
#11 C:\\Users\\lollo\\Desktop\\Esercizi_Boolean\\boolbnb-team5\\vendor\\facade\\ignition\\src\\IgnitionServiceProvider.php(149): Facade\\Ignition\\IgnitionServiceProvider->hasCustomViewEnginesRegistered()
#12 C:\\Users\\lollo\\Desktop\\Esercizi_Boolean\\boolbnb-team5\\vendor\\facade\\ignition\\src\\IgnitionServiceProvider.php(93): Facade\\Ignition\\IgnitionServiceProvider->registerViewEngines()
#13 C:\\Users\\lollo\\Desktop\\Esercizi_Boolean\\boolbnb-team5\\vendor\\laravel\\framework\\src\\Illuminate\\Container\\BoundMethod.php(36): Facade\\Ignition\\IgnitionServiceProvider->boot()
#14 C:\\Users\\lollo\\Desktop\\Esercizi_Boolean\\boolbnb-team5\\vendor\\laravel\\framework\\src\\Illuminate\\Container\\Util.php(37): Illuminate\\Container\\BoundMethod::Illuminate\\Container\\{closure}()
#15 C:\\Users\\lollo\\Desktop\\Esercizi_Boolean\\boolbnb-team5\\vendor\\laravel\\framework\\src\\Illuminate\\Container\\BoundMethod.php(93): Illuminate\\Container\\Util::unwrapIfClosure()
#16 C:\\Users\\lollo\\Desktop\\Esercizi_Boolean\\boolbnb-team5\\vendor\\laravel\\framework\\src\\Illuminate\\Container\\BoundMethod.php(37): Illuminate\\Container\\BoundMethod::callBoundMethod()
#17 C:\\Users\\lollo\\Desktop\\Esercizi_Boolean\\boolbnb-team5\\vendor\\laravel\\framework\\src\\Illuminate\\Container\\Container.php(596): Illuminate\\Container\\BoundMethod::call()
#18 C:\\Users\\lollo\\Desktop\\Esercizi_Boolean\\boolbnb-team5\\vendor\\laravel\\framework\\src\\Illuminate\\Foundation\\Application.php(867): Illuminate\\Container\\Container->call()
#19 C:\\Users\\lollo\\Desktop\\Esercizi_Boolean\\boolbnb-team5\\vendor\\laravel\\framework\\src\\Illuminate\\Foundation\\Application.php(850): Illuminate\\Foundation\\Application->bootProvider()
#20 [internal function]: Illuminate\\Foundation\\Application->Illuminate\\Foundation\\{closure}()
#21 C:\\Users\\lollo\\Desktop\\Esercizi_Boolean\\boolbnb-team5\\vendor\\laravel\\framework\\src\\Illuminate\\Foundation\\Application.php(851): array_walk()
#22 C:\\Users\\lollo\\Desktop\\Esercizi_Boolean\\boolbnb-team5\\vendor\\laravel\\framework\\src\\Illuminate\\Foundation\\Bootstrap\\BootProviders.php(17): Illuminate\\Foundation\\Application->boot()
#23 C:\\Users\\lollo\\Desktop\\Esercizi_Boolean\\boolbnb-team5\\vendor\\laravel\\framework\\src\\Illuminate\\Foundation\\Application.php(230): Illuminate\\Foundation\\Bootstrap\\BootProviders->bootstrap()
#24 C:\\Users\\lollo\\Desktop\\Esercizi_Boolean\\boolbnb-team5\\vendor\\laravel\\framework\\src\\Illuminate\\Foundation\\Console\\Kernel.php(310): Illuminate\\Foundation\\Application->bootstrapWith()
#25 C:\\Users\\lollo\\Desktop\\Esercizi_Boolean\\boolbnb-team5\\vendor\\laravel\\framework\\src\\Illuminate\\Foundation\\Console\\Kernel.php(127): Illuminate\\Foundation\\Console\\Kernel->bootstrap()
#26 C:\\Users\\lollo\\Desktop\\Esercizi_Boolean\\boolbnb-team5\\artisan(37): Illuminate\\Foundation\\Console\\Kernel->handle()
#27 {main}
"} 
[2021-07-02 14:33:55] local.ERROR: Please provide a valid cache path. {"exception":"[object] (InvalidArgumentException(code: 0): Please provide a valid cache path. at C:\\Users\\lollo\\Desktop\\Esercizi_Boolean\\boolbnb-team5\\vendor\\laravel\\framework\\src\\Illuminate\\View\\Compilers\\Compiler.php:36)
[stacktrace]
#0 C:\\Users\\lollo\\Desktop\\Esercizi_Boolean\\boolbnb-team5\\vendor\\laravel\\framework\\src\\Illuminate\\View\\ViewServiceProvider.php(91): Illuminate\\View\\Compilers\\Compiler->__construct()
#1 C:\\Users\\lollo\\Desktop\\Esercizi_Boolean\\boolbnb-team5\\vendor\\laravel\\framework\\src\\Illuminate\\Container\\Container.php(805): Illuminate\\View\\ViewServiceProvider->Illuminate\\View\\{closure}()
#2 C:\\Users\\lollo\\Desktop\\Esercizi_Boolean\\boolbnb-team5\\vendor\\laravel\\framework\\src\\Illuminate\\Container\\Container.php(691): Illuminate\\Container\\Container->build()
#3 C:\\Users\\lollo\\Desktop\\Esercizi_Boolean\\boolbnb-team5\\vendor\\laravel\\framework\\src\\Illuminate\\Foundation\\Application.php(796): Illuminate\\Container\\Container->resolve()
#4 C:\\Users\\lollo\\Desktop\\Esercizi_Boolean\\boolbnb-team5\\vendor\\laravel\\framework\\src\\Illuminate\\Container\\Container.php(637): Illuminate\\Foundation\\Application->resolve()
#5 C:\\Users\\lollo\\Desktop\\Esercizi_Boolean\\boolbnb-team5\\vendor\\laravel\\framework\\src\\Illuminate\\Foundation\\Application.php(781): Illuminate\\Container\\Container->make()
#6 C:\\Users\\lollo\\Desktop\\Esercizi_Boolean\\boolbnb-team5\\vendor\\laravel\\framework\\src\\Illuminate\\Container\\Container.php(1284): Illuminate\\Foundation\\Application->make()
#7 C:\\Users\\lollo\\Desktop\\Esercizi_Boolean\\boolbnb-team5\\vendor\\laravel\\framework\\src\\Illuminate\\View\\ViewServiceProvider.php(151): Illuminate\\Container\\Container->offsetGet()
#8 [internal function]: Illuminate\\View\\ViewServiceProvider->Illuminate\\View\\{closure}()
#9 C:\\Users\\lollo\\Desktop\\Esercizi_Boolean\\boolbnb-team5\\vendor\\laravel\\framework\\src\\Illuminate\\View\\Engines\\EngineResolver.php(55): call_user_func()
#10 C:\\Users\\lollo\\Desktop\\Esercizi_Boolean\\boolbnb-team5\\vendor\\facade\\ignition\\src\\IgnitionServiceProvider.php(427): Illuminate\\View\\Engines\\EngineResolver->resolve()
#11 C:\\Users\\lollo\\Desktop\\Esercizi_Boolean\\boolbnb-team5\\vendor\\facade\\ignition\\src\\IgnitionServiceProvider.php(149): Facade\\Ignition\\IgnitionServiceProvider->hasCustomViewEnginesRegistered()
#12 C:\\Users\\lollo\\Desktop\\Esercizi_Boolean\\boolbnb-team5\\vendor\\facade\\ignition\\src\\IgnitionServiceProvider.php(93): Facade\\Ignition\\IgnitionServiceProvider->registerViewEngines()
#13 C:\\Users\\lollo\\Desktop\\Esercizi_Boolean\\boolbnb-team5\\vendor\\laravel\\framework\\src\\Illuminate\\Container\\BoundMethod.php(36): Facade\\Ignition\\IgnitionServiceProvider->boot()
#14 C:\\Users\\lollo\\Desktop\\Esercizi_Boolean\\boolbnb-team5\\vendor\\laravel\\framework\\src\\Illuminate\\Container\\Util.php(37): Illuminate\\Container\\BoundMethod::Illuminate\\Container\\{closure}()
#15 C:\\Users\\lollo\\Desktop\\Esercizi_Boolean\\boolbnb-team5\\vendor\\laravel\\framework\\src\\Illuminate\\Container\\BoundMethod.php(93): Illuminate\\Container\\Util::unwrapIfClosure()
#16 C:\\Users\\lollo\\Desktop\\Esercizi_Boolean\\boolbnb-team5\\vendor\\laravel\\framework\\src\\Illuminate\\Container\\BoundMethod.php(37): Illuminate\\Container\\BoundMethod::callBoundMethod()
#17 C:\\Users\\lollo\\Desktop\\Esercizi_Boolean\\boolbnb-team5\\vendor\\laravel\\framework\\src\\Illuminate\\Container\\Container.php(596): Illuminate\\Container\\BoundMethod::call()
#18 C:\\Users\\lollo\\Desktop\\Esercizi_Boolean\\boolbnb-team5\\vendor\\laravel\\framework\\src\\Illuminate\\Foundation\\Application.php(867): Illuminate\\Container\\Container->call()
#19 C:\\Users\\lollo\\Desktop\\Esercizi_Boolean\\boolbnb-team5\\vendor\\laravel\\framework\\src\\Illuminate\\Foundation\\Application.php(850): Illuminate\\Foundation\\Application->bootProvider()
#20 [internal function]: Illuminate\\Foundation\\Application->Illuminate\\Foundation\\{closure}()
#21 C:\\Users\\lollo\\Desktop\\Esercizi_Boolean\\boolbnb-team5\\vendor\\laravel\\framework\\src\\Illuminate\\Foundation\\Application.php(851): array_walk()
#22 C:\\Users\\lollo\\Desktop\\Esercizi_Boolean\\boolbnb-team5\\vendor\\laravel\\framework\\src\\Illuminate\\Foundation\\Bootstrap\\BootProviders.php(17): Illuminate\\Foundation\\Application->boot()
#23 C:\\Users\\lollo\\Desktop\\Esercizi_Boolean\\boolbnb-team5\\vendor\\laravel\\framework\\src\\Illuminate\\Foundation\\Application.php(230): Illuminate\\Foundation\\Bootstrap\\BootProviders->bootstrap()
#24 C:\\Users\\lollo\\Desktop\\Esercizi_Boolean\\boolbnb-team5\\vendor\\laravel\\framework\\src\\Illuminate\\Foundation\\Console\\Kernel.php(310): Illuminate\\Foundation\\Application->bootstrapWith()
#25 C:\\Users\\lollo\\Desktop\\Esercizi_Boolean\\boolbnb-team5\\vendor\\laravel\\framework\\src\\Illuminate\\Foundation\\Console\\Kernel.php(127): Illuminate\\Foundation\\Console\\Kernel->bootstrap()
#26 C:\\Users\\lollo\\Desktop\\Esercizi_Boolean\\boolbnb-team5\\artisan(37): Illuminate\\Foundation\\Console\\Kernel->handle()
#27 {main}
"} 
[2021-07-02 14:34:00] local.ERROR: Please provide a valid cache path. {"exception":"[object] (InvalidArgumentException(code: 0): Please provide a valid cache path. at C:\\Users\\lollo\\Desktop\\Esercizi_Boolean\\boolbnb-team5\\vendor\\laravel\\framework\\src\\Illuminate\\View\\Compilers\\Compiler.php:36)
[stacktrace]
#0 C:\\Users\\lollo\\Desktop\\Esercizi_Boolean\\boolbnb-team5\\vendor\\laravel\\framework\\src\\Illuminate\\View\\ViewServiceProvider.php(91): Illuminate\\View\\Compilers\\Compiler->__construct()
#1 C:\\Users\\lollo\\Desktop\\Esercizi_Boolean\\boolbnb-team5\\vendor\\laravel\\framework\\src\\Illuminate\\Container\\Container.php(805): Illuminate\\View\\ViewServiceProvider->Illuminate\\View\\{closure}()
#2 C:\\Users\\lollo\\Desktop\\Esercizi_Boolean\\boolbnb-team5\\vendor\\laravel\\framework\\src\\Illuminate\\Container\\Container.php(691): Illuminate\\Container\\Container->build()
#3 C:\\Users\\lollo\\Desktop\\Esercizi_Boolean\\boolbnb-team5\\vendor\\laravel\\framework\\src\\Illuminate\\Foundation\\Application.php(796): Illuminate\\Container\\Container->resolve()
#4 C:\\Users\\lollo\\Desktop\\Esercizi_Boolean\\boolbnb-team5\\vendor\\laravel\\framework\\src\\Illuminate\\Container\\Container.php(637): Illuminate\\Foundation\\Application->resolve()
#5 C:\\Users\\lollo\\Desktop\\Esercizi_Boolean\\boolbnb-team5\\vendor\\laravel\\framework\\src\\Illuminate\\Foundation\\Application.php(781): Illuminate\\Container\\Container->make()
#6 C:\\Users\\lollo\\Desktop\\Esercizi_Boolean\\boolbnb-team5\\vendor\\laravel\\framework\\src\\Illuminate\\Container\\Container.php(1284): Illuminate\\Foundation\\Application->make()
#7 C:\\Users\\lollo\\Desktop\\Esercizi_Boolean\\boolbnb-team5\\vendor\\laravel\\framework\\src\\Illuminate\\View\\ViewServiceProvider.php(151): Illuminate\\Container\\Container->offsetGet()
#8 [internal function]: Illuminate\\View\\ViewServiceProvider->Illuminate\\View\\{closure}()
#9 C:\\Users\\lollo\\Desktop\\Esercizi_Boolean\\boolbnb-team5\\vendor\\laravel\\framework\\src\\Illuminate\\View\\Engines\\EngineResolver.php(55): call_user_func()
#10 C:\\Users\\lollo\\Desktop\\Esercizi_Boolean\\boolbnb-team5\\vendor\\facade\\ignition\\src\\IgnitionServiceProvider.php(427): Illuminate\\View\\Engines\\EngineResolver->resolve()
#11 C:\\Users\\lollo\\Desktop\\Esercizi_Boolean\\boolbnb-team5\\vendor\\facade\\ignition\\src\\IgnitionServiceProvider.php(149): Facade\\Ignition\\IgnitionServiceProvider->hasCustomViewEnginesRegistered()
#12 C:\\Users\\lollo\\Desktop\\Esercizi_Boolean\\boolbnb-team5\\vendor\\facade\\ignition\\src\\IgnitionServiceProvider.php(93): Facade\\Ignition\\IgnitionServiceProvider->registerViewEngines()
#13 C:\\Users\\lollo\\Desktop\\Esercizi_Boolean\\boolbnb-team5\\vendor\\laravel\\framework\\src\\Illuminate\\Container\\BoundMethod.php(36): Facade\\Ignition\\IgnitionServiceProvider->boot()
#14 C:\\Users\\lollo\\Desktop\\Esercizi_Boolean\\boolbnb-team5\\vendor\\laravel\\framework\\src\\Illuminate\\Container\\Util.php(37): Illuminate\\Container\\BoundMethod::Illuminate\\Container\\{closure}()
#15 C:\\Users\\lollo\\Desktop\\Esercizi_Boolean\\boolbnb-team5\\vendor\\laravel\\framework\\src\\Illuminate\\Container\\BoundMethod.php(93): Illuminate\\Container\\Util::unwrapIfClosure()
#16 C:\\Users\\lollo\\Desktop\\Esercizi_Boolean\\boolbnb-team5\\vendor\\laravel\\framework\\src\\Illuminate\\Container\\BoundMethod.php(37): Illuminate\\Container\\BoundMethod::callBoundMethod()
#17 C:\\Users\\lollo\\Desktop\\Esercizi_Boolean\\boolbnb-team5\\vendor\\laravel\\framework\\src\\Illuminate\\Container\\Container.php(596): Illuminate\\Container\\BoundMethod::call()
#18 C:\\Users\\lollo\\Desktop\\Esercizi_Boolean\\boolbnb-team5\\vendor\\laravel\\framework\\src\\Illuminate\\Foundation\\Application.php(867): Illuminate\\Container\\Container->call()
#19 C:\\Users\\lollo\\Desktop\\Esercizi_Boolean\\boolbnb-team5\\vendor\\laravel\\framework\\src\\Illuminate\\Foundation\\Application.php(850): Illuminate\\Foundation\\Application->bootProvider()
#20 [internal function]: Illuminate\\Foundation\\Application->Illuminate\\Foundation\\{closure}()
#21 C:\\Users\\lollo\\Desktop\\Esercizi_Boolean\\boolbnb-team5\\vendor\\laravel\\framework\\src\\Illuminate\\Foundation\\Application.php(851): array_walk()
#22 C:\\Users\\lollo\\Desktop\\Esercizi_Boolean\\boolbnb-team5\\vendor\\laravel\\framework\\src\\Illuminate\\Foundation\\Bootstrap\\BootProviders.php(17): Illuminate\\Foundation\\Application->boot()
#23 C:\\Users\\lollo\\Desktop\\Esercizi_Boolean\\boolbnb-team5\\vendor\\laravel\\framework\\src\\Illuminate\\Foundation\\Application.php(230): Illuminate\\Foundation\\Bootstrap\\BootProviders->bootstrap()
#24 C:\\Users\\lollo\\Desktop\\Esercizi_Boolean\\boolbnb-team5\\vendor\\laravel\\framework\\src\\Illuminate\\Foundation\\Console\\Kernel.php(310): Illuminate\\Foundation\\Application->bootstrapWith()
#25 C:\\Users\\lollo\\Desktop\\Esercizi_Boolean\\boolbnb-team5\\vendor\\laravel\\framework\\src\\Illuminate\\Foundation\\Console\\Kernel.php(127): Illuminate\\Foundation\\Console\\Kernel->bootstrap()
#26 C:\\Users\\lollo\\Desktop\\Esercizi_Boolean\\boolbnb-team5\\artisan(37): Illuminate\\Foundation\\Console\\Kernel->handle()
#27 {main}
"} 
